{"type":"server-started","port":52352,"host":"127.0.0.1","url_host":"localhost","url":"http://localhost:52352","screen_dir":"/Users/jaime.henao/arheanja/App-bank/.superpowers/brainstorm/63204-1779594560"}
{"type":"screen-added","file":"/Users/jaime.henao/arheanja/App-bank/.superpowers/brainstorm/63204-1779594560/layout-structure.html"}
{"source":"user-event","type":"click","text":"C — Dashboard con panel lateral\n      Panel izquierdo con parámetros, panel derecho con KPIs y tabla en tiempo real. Más poderoso, más complejo.","choice":"dashboard","id":null,"timestamp":1779594791222}
{"type":"screen-added","file":"/Users/jaime.henao/arheanja/App-bank/.superpowers/brainstorm/63204-1779594560/waiting-1.html"}
{"type":"screen-added","file":"/Users/jaime.henao/arheanja/App-bank/.superpowers/brainstorm/63204-1779594560/download-format.html"}
{"source":"user-event","type":"click","text":"A\n    \n      PDF — Resumen ejecutivo\n      Página con nombre del cliente, parámetros del crédito, KPIs principales y tabla de amortización completa. Listo para imprimir o enviar.","choice":"pdf","id":null,"timestamp":1779595363591}
{"source":"user-event","type":"click","text":"B\n    \n      Excel / CSV — Datos crudos\n      Hoja de cálculo con cada cuota, interés, abono y saldo mes a mes. Ideal para análisis adicional o importar a otro sistema.","choice":"excel","id":null,"timestamp":1779595366987}
{"type":"screen-added","file":"/Users/jaime.henao/arheanja/App-bank/.superpowers/brainstorm/63204-1779594560/multi-sim.html"}
{"source":"user-event","type":"click","text":"A\n    \n      Una simulación a la vez\n      Cambias los parámetros y el resultado se actualiza. Simple y directo — para explorar escenarios secuencialmente.","choice":"single","id":null,"timestamp":1779595670067}
{"source":"user-event","type":"click","text":"B\n    \n      Múltiples pestañas / escenarios\n      Puedes crear \"Escenario 1: Banco de Bogotá\", \"Escenario 2: Bancolombia\", etc. y cambiar entre ellos sin perder datos.","choice":"tabs","id":null,"timestamp":1779595670530}
{"source":"user-event","type":"click","text":"C\n    \n      Vista comparativa lado a lado\n      Dos o más simulaciones visibles al mismo tiempo — compara KPIs de diferentes bancos o plazos en una sola pantalla.","choice":"compare","id":null,"timestamp":1779595671347}
{"source":"user-event","type":"click","text":"C\n    \n      Vista comparativa lado a lado\n      Dos o más simulaciones visibles al mismo tiempo — compara KPIs de diferentes bancos o plazos en una sola pantalla.","choice":"compare","id":null,"timestamp":1779595686264}
{"source":"user-event","type":"click","text":"C\n    \n      Vista comparativa lado a lado\n      Dos o más simulaciones visibles al mismo tiempo — compara KPIs de diferentes bancos o plazos en una sola pantalla.","choice":"compare","id":null,"timestamp":1779595698244}
{"type":"screen-added","file":"/Users/jaime.henao/arheanja/App-bank/.superpowers/brainstorm/63204-1779594560/extra-features.html"}
{"source":"user-event","type":"click","text":"A\n    \n      Gráfica de amortización\n      Visualización de cómo evoluciona el saldo, los intereses y el capital pagado mes a mes (líneas o barras apiladas).","choice":"chart","id":null,"timestamp":1779596123884}
{"source":"user-event","type":"click","text":"B\n    \n      Guardar simulaciones en el navegador\n      Las simulaciones persisten entre sesiones (localStorage). Puedes retomar donde dejaste sin volver a ingresar datos.","choice":"save","id":null,"timestamp":1779596132109}
{"source":"user-event","type":"click","text":"C\n    \n      Tema claro / oscuro\n      Toggle para alternar entre el tema oscuro actual y un tema claro — útil para el PDF o preferencia visual.","choice":"theme","id":null,"timestamp":1779596132882}
{"source":"user-event","type":"click","text":"D\n    \n      Seguro de vida y todo riesgo\n      Campo para incluir el costo mensual de seguros obligatorios en el crédito vehicular, sumado a la cuota.","choice":"seguro","id":null,"timestamp":1779596134247}
{"type":"screen-added","file":"/Users/jaime.henao/arheanja/App-bank/.superpowers/brainstorm/63204-1779594560/waiting-2.html"}
{"type":"screen-added","file":"/Users/jaime.henao/arheanja/App-bank/.superpowers/brainstorm/63204-1779594560/design-layout.html"}
{"type":"screen-added","file":"/Users/jaime.henao/arheanja/App-bank/.superpowers/brainstorm/63204-1779594560/waiting-3.html"}
{"type":"screen-added","file":"/Users/jaime.henao/arheanja/App-bank/.superpowers/brainstorm/63204-1779594560/bank-fees.html"}
{"source":"user-event","type":"click","text":"A\n    \n      Seguro de vida deudor\n      Obligatorio en todos los bancos. Se calcula sobre el saldo vigente (~0.03–0.05% mensual). Baja a medida que el saldo baja. El banco lo cobra directamente.","choice":"vida","id":null,"timestamp":1779597522068}
{"source":"user-event","type":"click","text":"C\n    \n      Cuota de administración / manejo\n      Algunos bancos (ej. Banco Popular, Caja Social) cobran un cargo fijo mensual por administración del crédito (~$10.000–$25.000). Campo opcional, editable.","choice":"admin","id":null,"timestamp":1779597524529}
{"source":"user-event","type":"click","text":"D\n    \n      Seguro incendio y terremoto\n      Menos común en vehículos pero algunos bancos lo exigen. Monto muy pequeño (~$5.000–$15.000 mensuales). Campo opcional.","choice":"incendio","id":null,"timestamp":1779597526284}
{"source":"user-event","type":"click","text":"B\n    \n      Seguro todo riesgo (SOAT + póliza)\n      Obligatorio si el banco lo exige como colateral. Valor fijo mensual (~$250.000–$450.000 según valor del vehículo). El usuario puede ingresar el monto real.","choice":"todoriesgo","id":null,"timestamp":1779597532804}
{"type":"screen-added","file":"/Users/jaime.henao/arheanja/App-bank/.superpowers/brainstorm/63204-1779594560/banks-list.html"}
{"type":"screen-added","file":"/Users/jaime.henao/arheanja/App-bank/.superpowers/brainstorm/63204-1779594560/waiting-4.html"}
{"type":"screen-added","file":"/Users/jaime.henao/arheanja/App-bank/.superpowers/brainstorm/63204-1779594560/waiting-5.html"}
{"type":"screen-added","file":"/Users/jaime.henao/arheanja/App-bank/.superpowers/brainstorm/63204-1779594560/ai-interaction-model.html"}
{"source":"user-event","type":"click","text":"⇄\n        \n          💬 Chat IA\n          ¿Prefieres cuota más baja o terminar antes?\n        \n      \n      \n        📊 Recomendación IA: Banco de Bogotá a 72 meses con abono semestral — terminas en 5.2 años y ahorras $12.4M vs tu escenario actual.\n        \n          Aplicar esta config\n          Ignorar\n        \n      \n      \n        \n          Modo simulación\n          \n          \n        \n        \n          Modo IA\n          ¿Cuánto puedo pagar mensualmente?\n        \n      \n    \n    \n      C — Modo dual: simulación ↔ chat IA\n      Dos modos que se alternan. En \"Simulación\" el usuario controla todo manualmente. En \"Chat IA\" le describe su situación y la IA configura la simulación, recomienda y explica. La IA puede sugerir cambios aplicables con un clic.","choice":"hybrid","id":null,"timestamp":1779599178815}
{"source":"user-event","type":"click","text":"⇄\n        \n          💬 Chat IA\n          ¿Prefieres cuota más baja o terminar antes?\n        \n      \n      \n        📊 Recomendación IA: Banco de Bogotá a 72 meses con abono semestral — terminas en 5.2 años y ahorras $12.4M vs tu escenario actual.\n        \n          Aplicar esta config\n          Ignorar\n        \n      \n      \n        \n          Modo simulación\n          \n          \n        \n        \n          Modo IA\n          ¿Cuánto puedo pagar mensualmente?\n        \n      \n    \n    \n      C — Modo dual: simulación ↔ chat IA\n      Dos modos que se alternan. En \"Simulación\" el usuario controla todo manualmente. En \"Chat IA\" le describe su situación y la IA configura la simulación, recomienda y explica. La IA puede sugerir cambios aplicables con un clic.","choice":"hybrid","id":null,"timestamp":1779599184002}
{"source":"user-event","type":"click","text":"⇄\n        \n          💬 Chat IA\n          ¿Prefieres cuota más baja o terminar antes?\n        \n      \n      \n        📊 Recomendación IA: Banco de Bogotá a 72 meses con abono semestral — terminas en 5.2 años y ahorras $12.4M vs tu escenario actual.\n        \n          Aplicar esta config\n          Ignorar\n        \n      \n      \n        \n          Modo simulación\n          \n          \n        \n        \n          Modo IA\n          ¿Cuánto puedo pagar mensualmente?\n        \n      \n    \n    \n      C — Modo dual: simulación ↔ chat IA\n      Dos modos que se alternan. En \"Simulación\" el usuario controla todo manualmente. En \"Chat IA\" le describe su situación y la IA configura la simulación, recomienda y explica. La IA puede sugerir cambios aplicables con un clic.","choice":"hybrid","id":null,"timestamp":1779599184356}
{"source":"user-event","type":"click","text":"⇄\n        \n          💬 Chat IA\n          ¿Prefieres cuota más baja o terminar antes?\n        \n      \n      \n        📊 Recomendación IA: Banco de Bogotá a 72 meses con abono semestral — terminas en 5.2 años y ahorras $12.4M vs tu escenario actual.\n        \n          Aplicar esta config\n          Ignorar\n        \n      \n      \n        \n          Modo simulación\n          \n          \n        \n        \n          Modo IA\n          ¿Cuánto puedo pagar mensualmente?\n        \n      \n    \n    \n      C — Modo dual: simulación ↔ chat IA\n      Dos modos que se alternan. En \"Simulación\" el usuario controla todo manualmente. En \"Chat IA\" le describe su situación y la IA configura la simulación, recomienda y explica. La IA puede sugerir cambios aplicables con un clic.","choice":"hybrid","id":null,"timestamp":1779599184544}
{"type":"screen-added","file":"/Users/jaime.henao/arheanja/App-bank/.superpowers/brainstorm/63204-1779594560/credit-types.html"}
{"source":"user-event","type":"click","text":"A\n    \n      🚗 Crédito vehicular\n      Ya diseñado. Cuota fija, bancos CO, seguros, score, eléctrico/híbrido, abonos. Fase 1.","choice":"vehicular","id":null,"timestamp":1779599676299}
{"source":"user-event","type":"click","text":"B\n    \n      🏠 Crédito hipotecario / VIS\n      En pesos o UVR. Tasas fijas o variables. Estratos VIS / No VIS. Subsidio Mi Casa Ya. Seguros de vida y sismo obligatorios. Plazo hasta 30 años.","choice":"hipotecario","id":null,"timestamp":1779599676909}
{"source":"user-event","type":"click","text":"C\n    \n      💳 Crédito de consumo / libre inversión\n      Sin garantía. Plazo 12–84 meses. Tasas más altas. Simula cuota, total intereses y costo efectivo total (CET).","choice":"consumo","id":null,"timestamp":1779599678126}
{"source":"user-event","type":"click","text":"D\n    \n      💰 Tarjeta de crédito\n      Simula tiempo y costo de pagar una deuda rotativa pagando mínimo vs cuota fija. Incluye tasa de usura vigente Colombia.","choice":"tarjeta","id":null,"timestamp":1779599678750}
{"type":"screen-added","file":"/Users/jaime.henao/arheanja/App-bank/.superpowers/brainstorm/63204-1779594560/waiting-6.html"}
{"type":"screen-added","file":"/Users/jaime.henao/arheanja/App-bank/.superpowers/brainstorm/63204-1779594560/platform-architecture.html"}
{"type":"screen-added","file":"/Users/jaime.henao/arheanja/App-bank/.superpowers/brainstorm/63204-1779594560/waiting-7.html"}
{"type":"server-stopped","reason":"owner process exited"}
